# JRE version: OpenJDK Runtime Environment (17.0.6) (build 17.0.6+0-b2043.56-10027231)
# Java VM: OpenJDK 64-Bit Server VM (17.0.6+0-b2043.56-10027231, mixed mode, tiered, compressed oops, compressed class ptrs, g1 gc, windows-amd64)
GC Precious Log:
 CPUs: 8 total, 8 available
 Memory: 16057M
 Large Page Support: Disabled
 NUMA Support: Disabled
 Compressed Oops: Enabled (32-bit)
 Heap Region Size: 1M
 Heap Min Capacity: 8M
 Heap Initial Capacity: 252M
 Heap Max Capacity: 2G
 Pre-touch: Disabled
 Parallel Workers: 8
 Concurrent Workers: 2
 Concurrent Refinement Workers: 8
 Periodic GC: Disabled
Heap:
 garbage-first heap   total 155648K, used 96698K [0x0000000080000000, 0x0000000100000000)
  region size 1024K, 31 young (31744K), 8 survivors (8192K)
 Metaspace       used 87927K, committed 88448K, reserved 1130496K
  class space    used 11938K, committed 12160K, reserved 1048576K
GC Heap History (20 events):
Event: 7.530 GC heap before
{Heap before GC invocations=16 (full 0):
 garbage-first heap   total 71680K, used 55627K [0x0000000080000000, 0x0000000100000000)
  region size 1024K, 20 young (20480K), 3 survivors (3072K)
 Metaspace       used 60405K, committed 60864K, reserved 1105920K
  class space    used 8034K, committed 8256K, reserved 1048576K
}
Event: 7.533 GC heap after
{Heap after GC invocations=17 (full 0):
 garbage-first heap   total 86016K, used 41577K [0x0000000080000000, 0x0000000100000000)
  region size 1024K, 3 young (3072K), 3 survivors (3072K)
 Metaspace       used 60405K, committed 60864K, reserved 1105920K
  class space    used 8034K, committed 8256K, reserved 1048576K
}
Event: 7.833 GC heap before
{Heap before GC invocations=18 (full 0):
 garbage-first heap   total 86016K, used 75369K [0x0000000080000000, 0x0000000100000000)
  region size 1024K, 27 young (27648K), 3 survivors (3072K)
 Metaspace       used 62321K, committed 62784K, reserved 1105920K
  class space    used 8283K, committed 8512K, reserved 1048576K
}
Event: 7.836 GC heap after
{Heap after GC invocations=19 (full 0):
 garbage-first heap   total 87040K, used 57303K [0x0000000080000000, 0x0000000100000000)
  region size 1024K, 4 young (4096K), 4 survivors (4096K)
 Metaspace       used 62321K, committed 62784K, reserved 1105920K
  class space    used 8283K, committed 8512K, reserved 1048576K
}
Event: 7.853 GC heap before
{Heap before GC invocations=19 (full 0):
 garbage-first heap   total 87040K, used 58327K [0x0000000080000000, 0x0000000100000000)
  region size 1024K, 5 young (5120K), 4 survivors (4096K)
 Metaspace       used 62465K, committed 62976K, reserved 1105920K
  class space    used 8308K, committed 8576K, reserved 1048576K
}
Event: 7.855 GC heap after
{Heap after GC invocations=20 (full 0):
 garbage-first heap   total 87040K, used 57556K [0x0000000080000000, 0x0000000100000000)
  region size 1024K, 1 young (1024K), 1 survivors (1024K)
 Metaspace       used 62465K, committed 62976K, reserved 1105920K
  class space    used 8308K, committed 8576K, reserved 1048576K
}
Event: 8.051 GC heap before
{Heap before GC invocations=20 (full 0):
 garbage-first heap   total 87040K, used 70868K [0x0000000080000000, 0x0000000100000000)
  region size 1024K, 14 young (14336K), 1 survivors (1024K)
 Metaspace       used 64258K, committed 64768K, reserved 1105920K
  class space    used 8555K, committed 8832K, reserved 1048576K
}
Event: 8.053 GC heap after
{Heap after GC invocations=21 (full 0):
 garbage-first heap   total 87040K, used 57982K [0x0000000080000000, 0x0000000100000000)
  region size 1024K, 1 young (1024K), 1 survivors (1024K)
 Metaspace       used 64258K, committed 64768K, reserved 1105920K
  class space    used 8555K, committed 8832K, reserved 1048576K
}
Event: 8.268 GC heap before
{Heap before GC invocations=22 (full 0):
 garbage-first heap   total 101376K, used 72318K [0x0000000080000000, 0x0000000100000000)
  region size 1024K, 15 young (15360K), 1 survivors (1024K)
 Metaspace       used 66751K, committed 67264K, reserved 1114112K
  class space    used 8829K, committed 9024K, reserved 1048576K
}
Event: 8.270 GC heap after
{Heap after GC invocations=23 (full 0):
 garbage-first heap   total 101376K, used 58350K [0x0000000080000000, 0x0000000100000000)
  region size 1024K, 2 young (2048K), 2 survivors (2048K)
 Metaspace       used 66751K, committed 67264K, reserved 1114112K
  class space    used 8829K, committed 9024K, reserved 1048576K
}
Event: 8.299 GC heap before
{Heap before GC invocations=23 (full 0):
 garbage-first heap   total 101376K, used 60398K [0x0000000080000000, 0x0000000100000000)
  region size 1024K, 4 young (4096K), 2 survivors (2048K)
 Metaspace       used 66897K, committed 67456K, reserved 1114112K
  class space    used 8846K, committed 9088K, reserved 1048576K
}
Event: 8.301 GC heap after
{Heap after GC invocations=24 (full 0):
 garbage-first heap   total 101376K, used 57927K [0x0000000080000000, 0x0000000100000000)
  region size 1024K, 1 young (1024K), 1 survivors (1024K)
 Metaspace       used 66897K, committed 67456K, reserved 1114112K
  class space    used 8846K, committed 9088K, reserved 1048576K
}
Event: 8.829 GC heap before
{Heap before GC invocations=24 (full 0):
 garbage-first heap   total 101376K, used 76359K [0x0000000080000000, 0x0000000100000000)
  region size 1024K, 20 young (20480K), 1 survivors (1024K)
 Metaspace       used 69982K, committed 70592K, reserved 1114112K
  class space    used 9287K, committed 9600K, reserved 1048576K
}
Event: 8.832 GC heap after
{Heap after GC invocations=25 (full 0):
 garbage-first heap   total 155648K, used 59878K [0x0000000080000000, 0x0000000100000000)
  region size 1024K, 3 young (3072K), 3 survivors (3072K)
 Metaspace       used 69982K, committed 70592K, reserved 1114112K
  class space    used 9287K, committed 9600K, reserved 1048576K
}
Event: 9.593 GC heap before
{Heap before GC invocations=25 (full 0):
 garbage-first heap   total 155648K, used 126438K [0x0000000080000000, 0x0000000100000000)
  region size 1024K, 62 young (63488K), 3 survivors (3072K)
 Metaspace       used 74742K, committed 75328K, reserved 1122304K
  class space    used 9921K, committed 10176K, reserved 1048576K
}
Event: 9.600 GC heap after
{Heap after GC invocations=26 (full 0):
 garbage-first heap   total 155648K, used 64985K [0x0000000080000000, 0x0000000100000000)
  region size 1024K, 8 young (8192K), 8 survivors (8192K)
 Metaspace       used 74742K, committed 75328K, reserved 1122304K
  class space    used 9921K, committed 10176K, reserved 1048576K
}
Event: 10.269 GC heap before
{Heap before GC invocations=26 (full 0):
 garbage-first heap   total 155648K, used 121305K [0x0000000080000000, 0x0000000100000000)
  region size 1024K, 63 young (64512K), 8 survivors (8192K)
 Metaspace       used 81170K, committed 81792K, reserved 1122304K
  class space    used 10827K, committed 11136K, reserved 1048576K
}
Event: 10.274 GC heap after
{Heap after GC invocations=27 (full 0):
 garbage-first heap   total 155648K, used 69239K [0x0000000080000000, 0x0000000100000000)
  region size 1024K, 5 young (5120K), 5 survivors (5120K)
 Metaspace       used 81170K, committed 81792K, reserved 1122304K
  class space    used 10827K, committed 11136K, reserved 1048576K
}
Event: 10.987 GC heap before
{Heap before GC invocations=27 (full 0):
 garbage-first heap   total 155648K, used 124535K [0x0000000080000000, 0x0000000100000000)
  region size 1024K, 58 young (59392K), 5 survivors (5120K)
 Metaspace       used 85136K, committed 85696K, reserved 1130496K
  class space    used 11400K, committed 11648K, reserved 1048576K
}
Event: 10.992 GC heap after
{Heap after GC invocations=28 (full 0):
 garbage-first heap   total 155648K, used 74170K [0x0000000080000000, 0x0000000100000000)
  region size 1024K, 8 young (8192K), 8 survivors (8192K)
 Metaspace       used 85136K, committed 85696K, reserved 1130496K
  class space    used 11400K, committed 11648K, reserved 1048576K
}

